-- Found ament_cmake: 1.1.4 (/opt/ros/galactic/share/ament_cmake/cmake)
-- Using PYTHON_EXECUTABLE: /usr/bin/python3
-- Found rclcpp: 9.1.0 (/opt/ros/galactic/share/rclcpp/cmake)
-- Using all available rosidl_typesupport_c: rosidl_typesupport_fastrtps_c;rosidl_typesupport_introspection_c
-- Found rosidl_adapter: 2.2.1 (/opt/ros/galactic/share/rosidl_adapter/cmake)
-- Using all available rosidl_typesupport_cpp: rosidl_typesupport_fastrtps_cpp;rosidl_typesupport_introspection_cpp
-- Found rmw_implementation_cmake: 3.3.1 (/opt/ros/galactic/share/rmw_implementation_cmake/cmake)
-- Found rmw_cyclonedds_cpp: 0.22.2 (/opt/ros/galactic/share/rmw_cyclonedds_cpp/cmake)
-- Using RMW implementation 'rmw_cyclonedds_cpp' as default
-- Found ament_lint_auto: 0.10.6 (/opt/ros/galactic/share/ament_lint_auto/cmake)
-- Added test 'copyright' to check source files copyright and LICENSE
-- Added test 'cppcheck' to perform static code analysis on C / C++ code
-- Configured cppcheck include dirs: 
-- Configured cppcheck exclude dirs and/or files: 
-- Added test 'cpplint' to check C / C++ code against the Google style
-- Configured cpplint exclude dirs and/or files: 
-- Added test 'flake8' to check Python code syntax and style conventions
-- Added test 'lint_cmake' to check CMake code style
-- Added test 'pep257' to check Python code against some of the style conventions in PEP 257
-- Added test 'uncrustify' to check C / C++ code style
-- Configured uncrustify additional arguments: 
-- Added test 'xmllint' to check XML markup files
-- Configuring done
-- Generating done
-- Build files have been written to: /home/user/ros2_ws/build/launch_args_example_pkg
[35m[1mScanning dependencies of target arguments_examples_demo[0m
[ 50%] [32mBuilding CXX object CMakeFiles/arguments_examples_demo.dir/src/arguments_examples.cpp.o[0m
[01m[K/home/user/ros2_ws/src/launch_args_example_pkg/src/arguments_examples.cpp:[m[K In constructor '[01m[KDummyArgumetsExample::DummyArgumetsExample(int&, char**)[m[K':
[01m[K/home/user/ros2_ws/src/launch_args_example_pkg/src/arguments_examples.cpp:10:29:[m[K [01;35m[Kwarning: [m[Kunused parameter '[01m[Kargc[m[K' [[01;35m[K-Wunused-parameter[m[K]
   10 |   DummyArgumetsExample([01;35m[Kint &argc[m[K, char **argv)
      |                        [01;35m[K~~~~~^~~~[m[K
[100%] [32m[1mLinking CXX executable arguments_examples_demo[0m
[100%] Built target arguments_examples_demo
-- Install configuration: ""
-- Installing: /home/user/ros2_ws/install/launch_args_example_pkg/lib/launch_args_example_pkg/arguments_examples_demo
-- Set runtime path of "/home/user/ros2_ws/install/launch_args_example_pkg/lib/launch_args_example_pkg/arguments_examples_demo" to ""
-- Up-to-date: /home/user/ros2_ws/install/launch_args_example_pkg/share/launch_args_example_pkg//launch
-- Up-to-date: /home/user/ros2_ws/install/launch_args_example_pkg/share/launch_args_example_pkg//launch/start_with_arguments_dummy.launch.py
-- Installing: /home/user/ros2_ws/install/launch_args_example_pkg/share/launch_args_example_pkg//launch/start_with_arguments.launch.py
-- Up-to-date: /home/user/ros2_ws/install/launch_args_example_pkg/share/ament_index/resource_index/package_run_dependencies/launch_args_example_pkg
-- Installing: /home/user/ros2_ws/install/launch_args_example_pkg/share/ament_index/resource_index/parent_prefix_path/launch_args_example_pkg
-- Up-to-date: /home/user/ros2_ws/install/launch_args_example_pkg/share/launch_args_example_pkg/environment/ament_prefix_path.sh
-- Installing: /home/user/ros2_ws/install/launch_args_example_pkg/share/launch_args_example_pkg/environment/ament_prefix_path.dsv
-- Up-to-date: /home/user/ros2_ws/install/launch_args_example_pkg/share/launch_args_example_pkg/environment/path.sh
-- Installing: /home/user/ros2_ws/install/launch_args_example_pkg/share/launch_args_example_pkg/environment/path.dsv
-- Up-to-date: /home/user/ros2_ws/install/launch_args_example_pkg/share/launch_args_example_pkg/local_setup.bash
-- Up-to-date: /home/user/ros2_ws/install/launch_args_example_pkg/share/launch_args_example_pkg/local_setup.sh
-- Up-to-date: /home/user/ros2_ws/install/launch_args_example_pkg/share/launch_args_example_pkg/local_setup.zsh
-- Installing: /home/user/ros2_ws/install/launch_args_example_pkg/share/launch_args_example_pkg/local_setup.dsv
-- Installing: /home/user/ros2_ws/install/launch_args_example_pkg/share/launch_args_example_pkg/package.dsv
-- Up-to-date: /home/user/ros2_ws/install/launch_args_example_pkg/share/ament_index/resource_index/packages/launch_args_example_pkg
-- Up-to-date: /home/user/ros2_ws/install/launch_args_example_pkg/share/launch_args_example_pkg/cmake/launch_args_example_pkgConfig.cmake
-- Up-to-date: /home/user/ros2_ws/install/launch_args_example_pkg/share/launch_args_example_pkg/cmake/launch_args_example_pkgConfig-version.cmake
-- Installing: /home/user/ros2_ws/install/launch_args_example_pkg/share/launch_args_example_pkg/package.xml
