[0.475s] DEBUG:colcon:Command line arguments: ['/usr/bin/colcon', 'build', '--symlink-install', '--packages-select', 'launch_tests_pkg']
[0.475s] DEBUG:colcon:Parsed command line arguments: Namespace(ament_cmake_args=None, base_paths=['.'], build_base='build', catkin_cmake_args=None, catkin_skip_building_tests=False, cmake_args=None, cmake_clean_cache=False, cmake_clean_first=False, cmake_force_configure=False, cmake_target=None, cmake_target_skip_unavailable=False, continue_on_error=False, event_handlers=None, executor='parallel', ignore_user_meta=False, install_base='install', log_base=None, log_level=None, main=<bound method BuildVerb.main of <colcon_core.verb.build.BuildVerb object at 0x7f687aa5a3a0>>, merge_install=False, metas=['./colcon.meta'], packages_above=None, packages_above_and_dependencies=None, packages_above_depth=None, packages_end=None, packages_ignore=None, packages_ignore_regex=None, packages_select=['launch_tests_pkg'], packages_select_build_failed=False, packages_select_by_dep=None, packages_select_regex=None, packages_select_test_failures=False, packages_skip=None, packages_skip_build_finished=False, packages_skip_by_dep=None, packages_skip_regex=None, packages_skip_test_passed=False, packages_skip_up_to=None, packages_start=None, packages_up_to=None, packages_up_to_regex=None, parallel_workers=8, paths=None, symlink_install=True, test_result_base=None, verb_extension=<colcon_core.verb.build.BuildVerb object at 0x7f687aa5a3a0>, verb_name='build', verb_parser=<colcon_defaults.argument_parser.defaults.DefaultArgumentsDecorator object at 0x7f687aa5a910>)
[0.482s] Level 1:colcon.colcon_core.package_discovery:discover_packages(colcon_meta) check parameters
[0.483s] Level 1:colcon.colcon_core.package_discovery:discover_packages(recursive) check parameters
[0.483s] Level 1:colcon.colcon_core.package_discovery:discover_packages(ignore) check parameters
[0.483s] Level 1:colcon.colcon_core.package_discovery:discover_packages(path) check parameters
[0.483s] Level 1:colcon.colcon_core.package_discovery:discover_packages(colcon_meta) discover
[0.483s] Level 1:colcon.colcon_core.package_discovery:discover_packages(recursive) discover
[0.483s] INFO:colcon.colcon_core.package_discovery:Crawling recursively for packages in '/home/user/ros2_ws'
[0.483s] Level 1:colcon.colcon_core.package_identification:_identify(.) by extensions ['ignore', 'ignore_ament_install']
[0.483s] Level 1:colcon.colcon_core.package_identification:_identify(.) by extension 'ignore'
[0.483s] Level 1:colcon.colcon_core.package_identification:_identify(.) by extension 'ignore_ament_install'
[0.484s] Level 1:colcon.colcon_core.package_identification:_identify(.) by extensions ['colcon_pkg']
[0.484s] Level 1:colcon.colcon_core.package_identification:_identify(.) by extension 'colcon_pkg'
[0.484s] Level 1:colcon.colcon_core.package_identification:_identify(.) by extensions ['colcon_meta']
[0.484s] Level 1:colcon.colcon_core.package_identification:_identify(.) by extension 'colcon_meta'
[0.484s] Level 1:colcon.colcon_core.package_identification:_identify(.) by extensions ['ros']
[0.484s] Level 1:colcon.colcon_core.package_identification:_identify(.) by extension 'ros'
[0.503s] Level 1:colcon.colcon_core.package_identification:_identify(.) by extensions ['cmake', 'python']
[0.503s] Level 1:colcon.colcon_core.package_identification:_identify(.) by extension 'cmake'
[0.504s] Level 1:colcon.colcon_core.package_identification:_identify(.) by extension 'python'
[0.504s] Level 1:colcon.colcon_core.package_identification:_identify(.) by extensions ['python_setup_py']
[0.504s] Level 1:colcon.colcon_core.package_identification:_identify(.) by extension 'python_setup_py'
[0.504s] Level 1:colcon.colcon_core.package_identification:_identify(build) by extensions ['ignore', 'ignore_ament_install']
[0.504s] Level 1:colcon.colcon_core.package_identification:_identify(build) by extension 'ignore'
[0.504s] Level 1:colcon.colcon_core.package_identification:_identify(build) ignored
[0.504s] Level 1:colcon.colcon_core.package_identification:_identify(install) by extensions ['ignore', 'ignore_ament_install']
[0.504s] Level 1:colcon.colcon_core.package_identification:_identify(install) by extension 'ignore'
[0.504s] Level 1:colcon.colcon_core.package_identification:_identify(install) ignored
[0.505s] Level 1:colcon.colcon_core.package_identification:_identify(log) by extensions ['ignore', 'ignore_ament_install']
[0.505s] Level 1:colcon.colcon_core.package_identification:_identify(log) by extension 'ignore'
[0.505s] Level 1:colcon.colcon_core.package_identification:_identify(log) ignored
[0.505s] Level 1:colcon.colcon_core.package_identification:_identify(src) by extensions ['ignore', 'ignore_ament_install']
[0.505s] Level 1:colcon.colcon_core.package_identification:_identify(src) by extension 'ignore'
[0.505s] Level 1:colcon.colcon_core.package_identification:_identify(src) by extension 'ignore_ament_install'
[0.505s] Level 1:colcon.colcon_core.package_identification:_identify(src) by extensions ['colcon_pkg']
[0.505s] Level 1:colcon.colcon_core.package_identification:_identify(src) by extension 'colcon_pkg'
[0.505s] Level 1:colcon.colcon_core.package_identification:_identify(src) by extensions ['colcon_meta']
[0.505s] Level 1:colcon.colcon_core.package_identification:_identify(src) by extension 'colcon_meta'
[0.505s] Level 1:colcon.colcon_core.package_identification:_identify(src) by extensions ['ros']
[0.505s] Level 1:colcon.colcon_core.package_identification:_identify(src) by extension 'ros'
[0.506s] Level 1:colcon.colcon_core.package_identification:_identify(src) by extensions ['cmake', 'python']
[0.506s] Level 1:colcon.colcon_core.package_identification:_identify(src) by extension 'cmake'
[0.506s] Level 1:colcon.colcon_core.package_identification:_identify(src) by extension 'python'
[0.506s] Level 1:colcon.colcon_core.package_identification:_identify(src) by extensions ['python_setup_py']
[0.506s] Level 1:colcon.colcon_core.package_identification:_identify(src) by extension 'python_setup_py'
[0.506s] Level 1:colcon.colcon_core.package_identification:_identify(src/launch_args_example_pkg) by extensions ['ignore', 'ignore_ament_install']
[0.506s] Level 1:colcon.colcon_core.package_identification:_identify(src/launch_args_example_pkg) by extension 'ignore'
[0.506s] Level 1:colcon.colcon_core.package_identification:_identify(src/launch_args_example_pkg) by extension 'ignore_ament_install'
[0.506s] Level 1:colcon.colcon_core.package_identification:_identify(src/launch_args_example_pkg) by extensions ['colcon_pkg']
[0.506s] Level 1:colcon.colcon_core.package_identification:_identify(src/launch_args_example_pkg) by extension 'colcon_pkg'
[0.506s] Level 1:colcon.colcon_core.package_identification:_identify(src/launch_args_example_pkg) by extensions ['colcon_meta']
[0.506s] Level 1:colcon.colcon_core.package_identification:_identify(src/launch_args_example_pkg) by extension 'colcon_meta'
[0.507s] Level 1:colcon.colcon_core.package_identification:_identify(src/launch_args_example_pkg) by extensions ['ros']
[0.507s] Level 1:colcon.colcon_core.package_identification:_identify(src/launch_args_example_pkg) by extension 'ros'
[0.510s] DEBUG:colcon.colcon_core.package_identification:Package 'src/launch_args_example_pkg' with type 'ros.ament_cmake' and name 'launch_args_example_pkg'
[0.511s] Level 1:colcon.colcon_core.package_identification:_identify(src/launch_tests_pkg) by extensions ['ignore', 'ignore_ament_install']
[0.511s] Level 1:colcon.colcon_core.package_identification:_identify(src/launch_tests_pkg) by extension 'ignore'
[0.511s] Level 1:colcon.colcon_core.package_identification:_identify(src/launch_tests_pkg) by extension 'ignore_ament_install'
[0.511s] Level 1:colcon.colcon_core.package_identification:_identify(src/launch_tests_pkg) by extensions ['colcon_pkg']
[0.511s] Level 1:colcon.colcon_core.package_identification:_identify(src/launch_tests_pkg) by extension 'colcon_pkg'
[0.511s] Level 1:colcon.colcon_core.package_identification:_identify(src/launch_tests_pkg) by extensions ['colcon_meta']
[0.511s] Level 1:colcon.colcon_core.package_identification:_identify(src/launch_tests_pkg) by extension 'colcon_meta'
[0.511s] Level 1:colcon.colcon_core.package_identification:_identify(src/launch_tests_pkg) by extensions ['ros']
[0.511s] Level 1:colcon.colcon_core.package_identification:_identify(src/launch_tests_pkg) by extension 'ros'
[0.512s] DEBUG:colcon.colcon_core.package_identification:Package 'src/launch_tests_pkg' with type 'ros.ament_cmake' and name 'launch_tests_pkg'
[0.512s] Level 1:colcon.colcon_core.package_discovery:discover_packages(recursive) using defaults
[0.512s] Level 1:colcon.colcon_core.package_discovery:discover_packages(ignore) discover
[0.512s] Level 1:colcon.colcon_core.package_discovery:discover_packages(ignore) using defaults
[0.512s] Level 1:colcon.colcon_core.package_discovery:discover_packages(path) discover
[0.512s] Level 1:colcon.colcon_core.package_discovery:discover_packages(path) using defaults
[0.541s] INFO:colcon.colcon_core.package_selection:Skipping not selected package 'launch_args_example_pkg' in 'src/launch_args_example_pkg'
[0.545s] Level 5:colcon.colcon_core.verb:set package 'launch_tests_pkg' build argument 'cmake_args' from command line to 'None'
[0.546s] Level 5:colcon.colcon_core.verb:set package 'launch_tests_pkg' build argument 'cmake_target' from command line to 'None'
[0.546s] Level 5:colcon.colcon_core.verb:set package 'launch_tests_pkg' build argument 'cmake_target_skip_unavailable' from command line to 'False'
[0.546s] Level 5:colcon.colcon_core.verb:set package 'launch_tests_pkg' build argument 'cmake_clean_cache' from command line to 'False'
[0.546s] Level 5:colcon.colcon_core.verb:set package 'launch_tests_pkg' build argument 'cmake_clean_first' from command line to 'False'
[0.546s] Level 5:colcon.colcon_core.verb:set package 'launch_tests_pkg' build argument 'cmake_force_configure' from command line to 'False'
[0.546s] Level 5:colcon.colcon_core.verb:set package 'launch_tests_pkg' build argument 'ament_cmake_args' from command line to 'None'
[0.546s] Level 5:colcon.colcon_core.verb:set package 'launch_tests_pkg' build argument 'catkin_cmake_args' from command line to 'None'
[0.546s] Level 5:colcon.colcon_core.verb:set package 'launch_tests_pkg' build argument 'catkin_skip_building_tests' from command line to 'False'
[0.546s] DEBUG:colcon.colcon_core.verb:Building package 'launch_tests_pkg' with the following arguments: {'ament_cmake_args': None, 'build_base': '/home/user/ros2_ws/build/launch_tests_pkg', 'catkin_cmake_args': None, 'catkin_skip_building_tests': False, 'cmake_args': None, 'cmake_clean_cache': False, 'cmake_clean_first': False, 'cmake_force_configure': False, 'cmake_target': None, 'cmake_target_skip_unavailable': False, 'install_base': '/home/user/ros2_ws/install/launch_tests_pkg', 'merge_install': False, 'path': '/home/user/ros2_ws/src/launch_tests_pkg', 'symlink_install': True, 'test_result_base': None}
[0.547s] INFO:colcon.colcon_core.executor:Executing jobs using 'parallel' executor
[0.550s] DEBUG:colcon.colcon_parallel_executor.executor.parallel:run_until_complete
[0.550s] INFO:colcon.colcon_ros.task.ament_cmake.build:Building ROS package in '/home/user/ros2_ws/src/launch_tests_pkg' with build type 'ament_cmake'
[0.551s] INFO:colcon.colcon_cmake.task.cmake.build:Building CMake package in '/home/user/ros2_ws/src/launch_tests_pkg'
[0.557s] INFO:colcon.colcon_core.plugin_system:Skipping extension 'colcon_core.shell.bat': Not used on non-Windows systems
[0.558s] INFO:colcon.colcon_core.shell:Skip shell extension 'powershell' for command environment: Not usable outside of PowerShell
[0.558s] DEBUG:colcon.colcon_core.shell:Skip shell extension 'dsv' for command environment
[0.563s] DEBUG:colcon.colcon_core.shell:Ignoring prefix path '/opt/ros/galactic'
[0.578s] DEBUG:colcon.colcon_core.event_handler.log_command:Invoking command in '/home/user/ros2_ws/build/launch_tests_pkg': CMAKE_PREFIX_PATH=${CMAKE_PREFIX_PATH}:/home/simulations/ros2_sims_ws/install/services_pkg:/opt/ros/galactic _=/usr/bin/env /usr/bin/cmake /home/user/ros2_ws/src/launch_tests_pkg -DAMENT_CMAKE_SYMLINK_INSTALL=1 -DCMAKE_INSTALL_PREFIX=/home/user/ros2_ws/install/launch_tests_pkg
[1.641s] DEBUG:colcon.colcon_core.event_handler.log_command:Invoked command in '/home/user/ros2_ws/build/launch_tests_pkg' returned '0': CMAKE_PREFIX_PATH=${CMAKE_PREFIX_PATH}:/home/simulations/ros2_sims_ws/install/services_pkg:/opt/ros/galactic _=/usr/bin/env /usr/bin/cmake /home/user/ros2_ws/src/launch_tests_pkg -DAMENT_CMAKE_SYMLINK_INSTALL=1 -DCMAKE_INSTALL_PREFIX=/home/user/ros2_ws/install/launch_tests_pkg
[1.645s] DEBUG:colcon.colcon_core.event_handler.log_command:Invoking command in '/home/user/ros2_ws/build/launch_tests_pkg': CMAKE_PREFIX_PATH=${CMAKE_PREFIX_PATH}:/home/simulations/ros2_sims_ws/install/services_pkg:/opt/ros/galactic _=/usr/bin/env /usr/bin/cmake --build /home/user/ros2_ws/build/launch_tests_pkg -- -j8 -l8
[7.715s] DEBUG:colcon.colcon_core.event_handler.log_command:Invoked command in '/home/user/ros2_ws/build/launch_tests_pkg' returned '0': CMAKE_PREFIX_PATH=${CMAKE_PREFIX_PATH}:/home/simulations/ros2_sims_ws/install/services_pkg:/opt/ros/galactic _=/usr/bin/env /usr/bin/cmake --build /home/user/ros2_ws/build/launch_tests_pkg -- -j8 -l8
[7.809s] DEBUG:colcon.colcon_core.event_handler.log_command:Invoking command in '/home/user/ros2_ws/build/launch_tests_pkg': CMAKE_PREFIX_PATH=${CMAKE_PREFIX_PATH}:/home/simulations/ros2_sims_ws/install/services_pkg:/opt/ros/galactic _=/usr/bin/env /usr/bin/cmake --install /home/user/ros2_ws/build/launch_tests_pkg
[8.175s] Level 1:colcon.colcon_core.environment:create_environment_scripts_only(launch_tests_pkg)
[8.177s] DEBUG:colcon.colcon_core.event_handler.log_command:Invoked command in '/home/user/ros2_ws/build/launch_tests_pkg' returned '0': CMAKE_PREFIX_PATH=${CMAKE_PREFIX_PATH}:/home/simulations/ros2_sims_ws/install/services_pkg:/opt/ros/galactic _=/usr/bin/env /usr/bin/cmake --install /home/user/ros2_ws/build/launch_tests_pkg
[8.182s] Level 1:colcon.colcon_core.environment:checking '/home/user/ros2_ws/install/launch_tests_pkg' for CMake module files
[8.182s] Level 1:colcon.colcon_core.environment:checking '/home/user/ros2_ws/install/launch_tests_pkg' for CMake config files
[8.183s] Level 1:colcon.colcon_core.shell:create_environment_hook('launch_tests_pkg', 'cmake_prefix_path')
[8.184s] INFO:colcon.colcon_core.shell:Creating environment hook '/home/user/ros2_ws/install/launch_tests_pkg/share/launch_tests_pkg/hook/cmake_prefix_path.ps1'
[8.185s] INFO:colcon.colcon_core.shell:Creating environment descriptor '/home/user/ros2_ws/install/launch_tests_pkg/share/launch_tests_pkg/hook/cmake_prefix_path.dsv'
[8.186s] INFO:colcon.colcon_core.shell:Creating environment hook '/home/user/ros2_ws/install/launch_tests_pkg/share/launch_tests_pkg/hook/cmake_prefix_path.sh'
[8.187s] Level 1:colcon.colcon_core.environment:checking '/home/user/ros2_ws/install/launch_tests_pkg/lib'
[8.187s] Level 1:colcon.colcon_core.environment:checking '/home/user/ros2_ws/install/launch_tests_pkg/bin'
[8.187s] Level 1:colcon.colcon_core.environment:checking '/home/user/ros2_ws/install/launch_tests_pkg/lib/pkgconfig/launch_tests_pkg.pc'
[8.187s] Level 1:colcon.colcon_core.environment:checking '/home/user/ros2_ws/install/launch_tests_pkg/lib/python3.8/site-packages'
[8.188s] INFO:colcon.colcon_core.shell:Creating package script '/home/user/ros2_ws/install/launch_tests_pkg/share/launch_tests_pkg/package.ps1'
[8.189s] INFO:colcon.colcon_core.shell:Creating package descriptor '/home/user/ros2_ws/install/launch_tests_pkg/share/launch_tests_pkg/package.dsv'
[8.190s] INFO:colcon.colcon_core.shell:Creating package script '/home/user/ros2_ws/install/launch_tests_pkg/share/launch_tests_pkg/package.sh'
[8.191s] INFO:colcon.colcon_core.shell:Creating package script '/home/user/ros2_ws/install/launch_tests_pkg/share/launch_tests_pkg/package.bash'
[8.192s] INFO:colcon.colcon_core.shell:Creating package script '/home/user/ros2_ws/install/launch_tests_pkg/share/launch_tests_pkg/package.zsh'
[8.192s] Level 1:colcon.colcon_core.environment:create_file_with_runtime_dependencies(/home/user/ros2_ws/install/launch_tests_pkg/share/colcon-core/packages/launch_tests_pkg)
[8.268s] Level 1:colcon.colcon_core.environment:create_environment_scripts_only(launch_tests_pkg)
[8.270s] Level 1:colcon.colcon_core.environment:checking '/home/user/ros2_ws/install/launch_tests_pkg' for CMake module files
[8.271s] Level 1:colcon.colcon_core.environment:checking '/home/user/ros2_ws/install/launch_tests_pkg' for CMake config files
[8.272s] Level 1:colcon.colcon_core.shell:create_environment_hook('launch_tests_pkg', 'cmake_prefix_path')
[8.273s] INFO:colcon.colcon_core.shell:Creating environment hook '/home/user/ros2_ws/install/launch_tests_pkg/share/launch_tests_pkg/hook/cmake_prefix_path.ps1'
[8.274s] INFO:colcon.colcon_core.shell:Creating environment descriptor '/home/user/ros2_ws/install/launch_tests_pkg/share/launch_tests_pkg/hook/cmake_prefix_path.dsv'
[8.275s] INFO:colcon.colcon_core.shell:Creating environment hook '/home/user/ros2_ws/install/launch_tests_pkg/share/launch_tests_pkg/hook/cmake_prefix_path.sh'
[8.276s] Level 1:colcon.colcon_core.environment:checking '/home/user/ros2_ws/install/launch_tests_pkg/lib'
[8.276s] Level 1:colcon.colcon_core.environment:checking '/home/user/ros2_ws/install/launch_tests_pkg/bin'
[8.276s] Level 1:colcon.colcon_core.environment:checking '/home/user/ros2_ws/install/launch_tests_pkg/lib/pkgconfig/launch_tests_pkg.pc'
[8.276s] Level 1:colcon.colcon_core.environment:checking '/home/user/ros2_ws/install/launch_tests_pkg/lib/python3.8/site-packages'
[8.277s] INFO:colcon.colcon_core.shell:Creating package script '/home/user/ros2_ws/install/launch_tests_pkg/share/launch_tests_pkg/package.ps1'
[8.278s] INFO:colcon.colcon_core.shell:Creating package descriptor '/home/user/ros2_ws/install/launch_tests_pkg/share/launch_tests_pkg/package.dsv'
[8.279s] INFO:colcon.colcon_core.shell:Creating package script '/home/user/ros2_ws/install/launch_tests_pkg/share/launch_tests_pkg/package.sh'
[8.279s] INFO:colcon.colcon_core.shell:Creating package script '/home/user/ros2_ws/install/launch_tests_pkg/share/launch_tests_pkg/package.bash'
[8.280s] INFO:colcon.colcon_core.shell:Creating package script '/home/user/ros2_ws/install/launch_tests_pkg/share/launch_tests_pkg/package.zsh'
[8.281s] Level 1:colcon.colcon_core.environment:create_file_with_runtime_dependencies(/home/user/ros2_ws/install/launch_tests_pkg/share/colcon-core/packages/launch_tests_pkg)
[8.281s] DEBUG:colcon.colcon_parallel_executor.executor.parallel:closing loop
[8.282s] DEBUG:colcon.colcon_parallel_executor.executor.parallel:loop closed
[8.282s] DEBUG:colcon.colcon_parallel_executor.executor.parallel:run_until_complete finished with '0'
[8.282s] DEBUG:colcon.colcon_core.event_reactor:joining thread
[8.293s] INFO:colcon.colcon_core.plugin_system:Skipping extension 'colcon_notification.desktop_notification.notify_send': Could not find 'notify-send'
[8.293s] INFO:colcon.colcon_core.plugin_system:Skipping extension 'colcon_notification.desktop_notification.terminal_notifier': Not used on non-Darwin systems
[8.293s] INFO:colcon.colcon_core.plugin_system:Skipping extension 'colcon_notification.desktop_notification.win32': Not used on non-Windows systems
[8.293s] INFO:colcon.colcon_notification.desktop_notification:Sending desktop notification using 'notify2'
[8.296s] DEBUG:colcon.colcon_notification.desktop_notification.notify2:Failed to initialize notify2: org.freedesktop.DBus.Error.Spawn.ExecFailed: /usr/bin/dbus-launch terminated abnormally without any error message
[8.297s] DEBUG:colcon.colcon_core.event_reactor:joined thread
[8.299s] INFO:colcon.colcon_core.shell:Creating prefix script '/home/user/ros2_ws/install/local_setup.ps1'
[8.301s] INFO:colcon.colcon_core.shell:Creating prefix util module '/home/user/ros2_ws/install/_local_setup_util_ps1.py'
[8.303s] INFO:colcon.colcon_core.shell:Creating prefix chain script '/home/user/ros2_ws/install/setup.ps1'
[8.307s] INFO:colcon.colcon_core.shell:Creating prefix script '/home/user/ros2_ws/install/local_setup.sh'
[8.307s] INFO:colcon.colcon_core.shell:Creating prefix util module '/home/user/ros2_ws/install/_local_setup_util_sh.py'
[8.308s] INFO:colcon.colcon_core.shell:Creating prefix chain script '/home/user/ros2_ws/install/setup.sh'
[8.311s] INFO:colcon.colcon_core.shell:Creating prefix script '/home/user/ros2_ws/install/local_setup.bash'
[8.312s] INFO:colcon.colcon_core.shell:Creating prefix chain script '/home/user/ros2_ws/install/setup.bash'
[8.315s] INFO:colcon.colcon_core.shell:Creating prefix script '/home/user/ros2_ws/install/local_setup.zsh'
[8.316s] INFO:colcon.colcon_core.shell:Creating prefix chain script '/home/user/ros2_ws/install/setup.zsh'
