[0.021s] Invoking command in '/home/user/ros2_ws/build/launch_args_example_pkg': CMAKE_PREFIX_PATH=${CMAKE_PREFIX_PATH}:/home/simulations/ros2_sims_ws/install/services_pkg:/opt/ros/galactic _=/usr/bin/env /usr/bin/cmake --build /home/user/ros2_ws/build/launch_args_example_pkg -- -j8 -l8
[0.063s] -- Found ament_cmake: 1.1.4 (/opt/ros/galactic/share/ament_cmake/cmake)
[0.094s] -- Using PYTHON_EXECUTABLE: /usr/bin/python3
[0.183s] -- Found rclcpp: 9.1.0 (/opt/ros/galactic/share/rclcpp/cmake)
[0.238s] -- Using all available rosidl_typesupport_c: rosidl_typesupport_fastrtps_c;rosidl_typesupport_introspection_c
[0.243s] -- Found rosidl_adapter: 2.2.1 (/opt/ros/galactic/share/rosidl_adapter/cmake)
[0.463s] -- Using all available rosidl_typesupport_cpp: rosidl_typesupport_fastrtps_cpp;rosidl_typesupport_introspection_cpp
[0.550s] -- Found rmw_implementation_cmake: 3.3.1 (/opt/ros/galactic/share/rmw_implementation_cmake/cmake)
[0.553s] -- Found rmw_cyclonedds_cpp: 0.22.2 (/opt/ros/galactic/share/rmw_cyclonedds_cpp/cmake)
[0.581s] -- Using RMW implementation 'rmw_cyclonedds_cpp' as default
[0.800s] -- Found ament_lint_auto: 0.10.6 (/opt/ros/galactic/share/ament_lint_auto/cmake)
[0.901s] -- Added test 'copyright' to check source files copyright and LICENSE
[0.902s] -- Added test 'cppcheck' to perform static code analysis on C / C++ code
[0.903s] -- Configured cppcheck include dirs: 
[0.903s] -- Configured cppcheck exclude dirs and/or files: 
[0.904s] -- Added test 'cpplint' to check C / C++ code against the Google style
[0.904s] -- Configured cpplint exclude dirs and/or files: 
[0.905s] -- Added test 'flake8' to check Python code syntax and style conventions
[0.905s] -- Added test 'lint_cmake' to check CMake code style
[0.906s] -- Added test 'pep257' to check Python code against some of the style conventions in PEP 257
[0.907s] -- Added test 'uncrustify' to check C / C++ code style
[0.907s] -- Configured uncrustify additional arguments: 
[0.908s] -- Added test 'xmllint' to check XML markup files
[0.913s] -- Configuring done
[0.918s] -- Generating done
[0.921s] -- Build files have been written to: /home/user/ros2_ws/build/launch_args_example_pkg
[0.959s] Invoked command in '/home/user/ros2_ws/build/launch_args_example_pkg' returned '0': CMAKE_PREFIX_PATH=${CMAKE_PREFIX_PATH}:/home/simulations/ros2_sims_ws/install/services_pkg:/opt/ros/galactic _=/usr/bin/env /usr/bin/cmake --build /home/user/ros2_ws/build/launch_args_example_pkg -- -j8 -l8
[1.025s] Invoking command in '/home/user/ros2_ws/build/launch_args_example_pkg': CMAKE_PREFIX_PATH=${CMAKE_PREFIX_PATH}:/home/simulations/ros2_sims_ws/install/services_pkg:/opt/ros/galactic _=/usr/bin/env /usr/bin/cmake --install /home/user/ros2_ws/build/launch_args_example_pkg
[1.039s] -- Install configuration: ""
[1.039s] -- Up-to-date: /home/user/ros2_ws/install/launch_args_example_pkg/share/launch_args_example_pkg//launch
[1.039s] -- Installing: /home/user/ros2_ws/install/launch_args_example_pkg/share/launch_args_example_pkg//launch/start_with_arguments_dummy.launch.py
[1.039s] -- Installing: /home/user/ros2_ws/install/launch_args_example_pkg/share/launch_args_example_pkg//launch/start_with_arguments.launch.py
[1.040s] CMake Error at cmake_install.cmake:41 (file):
[1.040s]   file INSTALL cannot find
[1.040s]   "/home/user/ros2_ws/src/launch_args_example_pkg/rviz_config": No such file
[1.040s]   or directory.
[1.040s] 
[1.040s] 
[1.045s] Invoked command in '/home/user/ros2_ws/build/launch_args_example_pkg' returned '1': CMAKE_PREFIX_PATH=${CMAKE_PREFIX_PATH}:/home/simulations/ros2_sims_ws/install/services_pkg:/opt/ros/galactic _=/usr/bin/env /usr/bin/cmake --install /home/user/ros2_ws/build/launch_args_example_pkg
