[0.032s] Invoking command in '/home/user/ros2_ws/build/launch_args_example_pkg': CMAKE_PREFIX_PATH=${CMAKE_PREFIX_PATH}:/home/simulations/ros2_sims_ws/install/services_pkg:/opt/ros/galactic _=/usr/bin/env /usr/bin/cmake /home/user/ros2_ws/src/launch_args_example_pkg -DCMAKE_INSTALL_PREFIX=/home/user/ros2_ws/install/launch_args_example_pkg
[0.356s] -- The C compiler identification is GNU 9.3.0
[0.456s] -- The CXX compiler identification is GNU 9.3.0
[0.465s] -- Check for working C compiler: /usr/bin/cc
[0.586s] -- Check for working C compiler: /usr/bin/cc -- works
[0.589s] -- Detecting C compiler ABI info
[0.707s] -- Detecting C compiler ABI info - done
[0.727s] -- Detecting C compile features
[0.729s] -- Detecting C compile features - done
[0.734s] -- Check for working CXX compiler: /usr/bin/c++
[0.879s] -- Check for working CXX compiler: /usr/bin/c++ -- works
[0.880s] -- Detecting CXX compiler ABI info
[1.013s] -- Detecting CXX compiler ABI info - done
[1.043s] -- Detecting CXX compile features
[1.051s] -- Detecting CXX compile features - done
[1.056s] -- Found ament_cmake: 1.1.4 (/opt/ros/galactic/share/ament_cmake/cmake)
[1.104s] -- Found PythonInterp: /usr/bin/python3 (found suitable version "3.8.5", minimum required is "3") 
[1.104s] -- Using PYTHON_EXECUTABLE: /usr/bin/python3
[1.296s] -- Found rclcpp: 9.1.0 (/opt/ros/galactic/share/rclcpp/cmake)
[1.391s] -- Using all available rosidl_typesupport_c: rosidl_typesupport_fastrtps_c;rosidl_typesupport_introspection_c
[1.404s] -- Found rosidl_adapter: 2.2.1 (/opt/ros/galactic/share/rosidl_adapter/cmake)
[1.596s] -- Found OpenSSL: /usr/lib/x86_64-linux-gnu/libcrypto.so (found version "1.1.1f")  
[1.673s] -- Found FastRTPS: /opt/ros/galactic/include  
[1.836s] -- Using all available rosidl_typesupport_cpp: rosidl_typesupport_fastrtps_cpp;rosidl_typesupport_introspection_cpp
[1.944s] -- Found rmw_implementation_cmake: 3.3.1 (/opt/ros/galactic/share/rmw_implementation_cmake/cmake)
[1.951s] -- Found rmw_cyclonedds_cpp: 0.22.2 (/opt/ros/galactic/share/rmw_cyclonedds_cpp/cmake)
[1.983s] -- Using RMW implementation 'rmw_cyclonedds_cpp' as default
[1.985s] -- Looking for pthread.h
[2.117s] -- Looking for pthread.h - found
[2.118s] -- Performing Test CMAKE_HAVE_LIBC_PTHREAD
[2.262s] -- Performing Test CMAKE_HAVE_LIBC_PTHREAD - Failed
[2.263s] -- Looking for pthread_create in pthreads
[2.393s] -- Looking for pthread_create in pthreads - not found
[2.393s] -- Looking for pthread_create in pthread
[2.517s] -- Looking for pthread_create in pthread - found
[2.519s] -- Found Threads: TRUE  
[2.780s] -- Found ament_lint_auto: 0.10.6 (/opt/ros/galactic/share/ament_lint_auto/cmake)
[2.907s] -- Added test 'copyright' to check source files copyright and LICENSE
[2.913s] -- Added test 'cppcheck' to perform static code analysis on C / C++ code
[2.914s] -- Configured cppcheck include dirs: 
[2.914s] -- Configured cppcheck exclude dirs and/or files: 
[2.918s] -- Added test 'cpplint' to check C / C++ code against the Google style
[2.918s] -- Configured cpplint exclude dirs and/or files: 
[2.920s] -- Added test 'flake8' to check Python code syntax and style conventions
[2.921s] -- Added test 'lint_cmake' to check CMake code style
[2.921s] -- Added test 'pep257' to check Python code against some of the style conventions in PEP 257
[2.923s] -- Added test 'uncrustify' to check C / C++ code style
[2.923s] -- Configured uncrustify additional arguments: 
[2.924s] -- Added test 'xmllint' to check XML markup files
[2.931s] -- Configuring done
[2.936s] -- Generating done
[2.939s] -- Build files have been written to: /home/user/ros2_ws/build/launch_args_example_pkg
[2.961s] Invoked command in '/home/user/ros2_ws/build/launch_args_example_pkg' returned '0': CMAKE_PREFIX_PATH=${CMAKE_PREFIX_PATH}:/home/simulations/ros2_sims_ws/install/services_pkg:/opt/ros/galactic _=/usr/bin/env /usr/bin/cmake /home/user/ros2_ws/src/launch_args_example_pkg -DCMAKE_INSTALL_PREFIX=/home/user/ros2_ws/install/launch_args_example_pkg
[2.965s] Invoking command in '/home/user/ros2_ws/build/launch_args_example_pkg': CMAKE_PREFIX_PATH=${CMAKE_PREFIX_PATH}:/home/simulations/ros2_sims_ws/install/services_pkg:/opt/ros/galactic _=/usr/bin/env /usr/bin/cmake --build /home/user/ros2_ws/build/launch_args_example_pkg -- -j8 -l8
[3.056s] Invoked command in '/home/user/ros2_ws/build/launch_args_example_pkg' returned '0': CMAKE_PREFIX_PATH=${CMAKE_PREFIX_PATH}:/home/simulations/ros2_sims_ws/install/services_pkg:/opt/ros/galactic _=/usr/bin/env /usr/bin/cmake --build /home/user/ros2_ws/build/launch_args_example_pkg -- -j8 -l8
[3.120s] Invoking command in '/home/user/ros2_ws/build/launch_args_example_pkg': CMAKE_PREFIX_PATH=${CMAKE_PREFIX_PATH}:/home/simulations/ros2_sims_ws/install/services_pkg:/opt/ros/galactic _=/usr/bin/env /usr/bin/cmake --install /home/user/ros2_ws/build/launch_args_example_pkg
[3.135s] -- Install configuration: ""
[3.135s] -- Installing: /home/user/ros2_ws/install/launch_args_example_pkg/share/launch_args_example_pkg//launch
[3.136s] -- Installing: /home/user/ros2_ws/install/launch_args_example_pkg/share/launch_args_example_pkg//launch/start_with_arguments_dummy.launch.py
[3.136s] -- Installing: /home/user/ros2_ws/install/launch_args_example_pkg/share/launch_args_example_pkg//launch/start_with_arguments.launch.py
[3.137s] CMake Error at cmake_install.cmake:41 (file):
[3.137s]   file INSTALL cannot find
[3.138s]   "/home/user/ros2_ws/src/launch_args_example_pkg/rviz_config": No such file
[3.139s]   or directory.
[3.139s] 
[3.139s] 
[3.139s] Invoked command in '/home/user/ros2_ws/build/launch_args_example_pkg' returned '1': CMAKE_PREFIX_PATH=${CMAKE_PREFIX_PATH}:/home/simulations/ros2_sims_ws/install/services_pkg:/opt/ros/galactic _=/usr/bin/env /usr/bin/cmake --install /home/user/ros2_ws/build/launch_args_example_pkg
